#
# A fatal error has been detected by the Java Runtime Environment:
#
#  EXCEPTION_ACCESS_VIOLATION (0xc0000005) at pc=0x6c715f60, pid=4408, tid=2612
#
# JRE version: Java(TM) SE Runtime Environment (7.0_80-b15) (build 1.7.0_80-b15)
# Java VM: Java HotSpot(TM) Client VM (24.80-b11 mixed mode windows-x86 )
# Problematic frame:
# V  [jvm.dll+0x35f60]
#
# Failed to write core dump. Minidumps are not enabled by default on client versions of Windows
#
# If you would like to submit a bug report, please visit:
#   http://bugreport.java.com/bugreport/crash.jsp
#

---------------  T H R E A D  ---------------

Current thread (0x18f8e800):  JavaThread "JDWP Transport Listener: dt_socket" daemon [_thread_in_vm, id=2612, stack(0x195b0000,0x19600000)]

siginfo: ExceptionCode=0xc0000005, reading address 0x00000008

Registers:
EAX=0x04f9b758, EBX=0x18f8e800, ECX=0x00000000, EDX=0x00000000
ESP=0x195ff2e4, EBP=0x195ff2e8, ESI=0x00000000, EDI=0x6a6de15c
EIP=0x6c715f60, EFLAGS=0x00010246

Top of Stack: (sp=0x195ff2e4)
0x195ff2e4:   18f8e930 195ff310 6c7a2d26 04f9b758
0x195ff2f4:   6a6de15c 18f8e930 6a6de174 18f8e800
0x195ff304:   00000000 18f8e930 195ff3d4 6a6de99c
0x195ff314:   6a6c63b2 18f8e930 04f9b758 00000000
0x195ff324:   195ff348 195ff3d4 1ce70688 195ff384
0x195ff334:   18f9dbd8 195ff354 6a6cbd27 195ff354
0x195ff344:   195ff388 6a6de890 73c45004 6a6e2c68
0x195ff354:   1ce1e5c8 0000000b 00000000 00000013 

Instructions: (pc=0x6c715f60)
0x6c715f40:   8b 0d 98 bd a1 6c 85 c9 7e 05 8b 0c 01 eb 02 33
0x6c715f50:   c9 8b 15 9c bd a1 6c 85 d2 7e 05 8b 04 02 eb 03
0x6c715f60:   8b 46 08 85 c0 75 0f 33 c9 50 51 e8 d0 a7 15 00
0x6c715f70:   83 c4 08 5e 5d c3 8d 4c 4e 0c 50 51 e8 bf a7 15 


Register to memory mapping:

EAX=
[error occurred during error reporting (printing register info), id 0xc0000005]

Stack: [0x195b0000,0x19600000],  sp=0x195ff2e4,  free space=316k
Native frames: (J=compiled Java code, j=interpreted, Vv=VM code, C=native code)
V  [jvm.dll+0x35f60]
V  [jvm.dll+0xc2d26]


---------------  P R O C E S S  ---------------

Java Threads: ( => current thread )
  0x190b6400 JavaThread "Swing-Shell" daemon [_thread_blocked, id=3296, stack(0x1c050000,0x1c0a0000)]
  0x1ce6c000 JavaThread "TimerQueue" daemon [_thread_blocked, id=3644, stack(0x1ded0000,0x1df20000)]
  0x1ce56400 JavaThread "D3D Screen Updater" daemon [_thread_blocked, id=1716, stack(0x1d410000,0x1d460000)]
  0x0133c400 JavaThread "DestroyJavaVM" [_thread_blocked, id=4792, stack(0x01340000,0x01390000)]
  0x1902bc00 JavaThread "AWT-EventQueue-0" [_thread_blocked, id=1012, stack(0x19fd0000,0x1a020000)]
  0x1902a800 JavaThread "AWT-Windows" daemon [_thread_in_native, id=2020, stack(0x19e30000,0x19e80000)]
  0x1905a800 JavaThread "AWT-Shutdown" [_thread_blocked, id=3136, stack(0x19da0000,0x19df0000)]
  0x18fe5c00 JavaThread "Java2D Disposer" daemon [_thread_blocked, id=692, stack(0x19d10000,0x19d60000)]
  0x18faac00 JavaThread "Service Thread" daemon [_thread_blocked, id=1832, stack(0x197f0000,0x19840000)]
  0x18faa400 JavaThread "C1 CompilerThread0" daemon [_thread_blocked, id=2696, stack(0x19760000,0x197b0000)]
  0x18f9bc00 JavaThread "JDWP Command Reader" daemon [_thread_in_native, id=3148, stack(0x196d0000,0x19720000)]
  0x18f95c00 JavaThread "JDWP Event Helper Thread" daemon [_thread_blocked, id=4108, stack(0x19640000,0x19690000)]
=>0x18f8e800 JavaThread "JDWP Transport Listener: dt_socket" daemon [_thread_in_vm, id=2612, stack(0x195b0000,0x19600000)]
  0x18f88000 JavaThread "Attach Listener" daemon [_thread_blocked, id=4788, stack(0x19240000,0x19290000)]
  0x18f85c00 JavaThread "Signal Dispatcher" daemon [_thread_blocked, id=2464, stack(0x191b0000,0x19200000)]
  0x02c4b000 JavaThread "Finalizer" daemon [_thread_blocked, id=4880, stack(0x18f20000,0x18f70000)]
  0x02c45c00 JavaThread "Reference Handler" daemon [_thread_blocked, id=3528, stack(0x18e90000,0x18ee0000)]

Other Threads:
  0x02c42800 VMThread [stack: 0x18e00000,0x18e50000] [id=3752]
  0x18fbe000 WatcherThread [stack: 0x19880000,0x198d0000] [id=3596]

VM state:not at safepoint (normal execution)

VM Mutex/Monitor currently owned by a thread: None

Heap
 def new generation   total 4928K, used 1775K [0x04e00000, 0x05350000, 0x0a350000)
  eden space 4416K,  39% used [0x04e00000, 0x04fb6c88, 0x05250000)
  from space 512K,   3% used [0x052d0000, 0x052d5030, 0x05350000)
  to   space 512K,   0% used [0x05250000, 0x05250000, 0x052d0000)
 tenured generation   total 10944K, used 1970K [0x0a350000, 0x0ae00000, 0x14e00000)
   the space 10944K,  18% used [0x0a350000, 0x0a53cbf0, 0x0a53cc00, 0x0ae00000)
 compacting perm gen  total 12288K, used 9325K [0x14e00000, 0x15a00000, 0x18e00000)
   the space 12288K,  75% used [0x14e00000, 0x1571b738, 0x1571b800, 0x15a00000)
No shared spaces configured.

Card table byte_map: [0x04c50000,0x04d00000] byte_map_base: 0x04c29000

Polling page: 0x01300000

Code Cache  [0x02c50000, 0x02df0000, 0x04c50000)
 total_blobs=970 nmethods=735 adapters=179 free_code_cache=31112Kb largest_free_block=31859456

Compilation events (10 events):
Event: 43.115 Thread 0x18faa400  731             javax.swing.JComponent::setFont (24 bytes)
Event: 43.116 Thread 0x18faa400 nmethod 731 0x02dec708 code [0x02dec830, 0x02dec970]
Event: 43.142 Thread 0x18faa400  732             sun.java2d.SurfaceData::getNativeOps (5 bytes)
Event: 43.142 Thread 0x18faa400 nmethod 732 0x02decac8 code [0x02decbc0, 0x02decc40]
Event: 44.318 Thread 0x18faa400  733             sun.java2d.pipe.BufferedPaints::setPaint (125 bytes)
Event: 44.320 Thread 0x18faa400 nmethod 733 0x02decc88 code [0x02decdf0, 0x02ded1fc]
Event: 44.387 Thread 0x18faa400  734             java.awt.AWTKeyStroke::hashCode (36 bytes)
Event: 44.387 Thread 0x18faa400 nmethod 734 0x02ded608 code [0x02ded700, 0x02ded7b0]
Event: 44.529 Thread 0x18faa400  735             sun.awt.windows.WGlobalCursorManager::nativeUpdateCursor (8 bytes)
Event: 44.530 Thread 0x18faa400 nmethod 735 0x02ded808 code [0x02ded940, 0x02dedb20]

GC Heap History (6 events):
Event: 2.102 GC heap before
{Heap before GC invocations=0 (full 0):
 def new generation   total 4928K, used 4387K [0x04e00000, 0x05350000, 0x0a350000)
  eden space 4416K,  99% used [0x04e00000, 0x05248de8, 0x05250000)
  from space 512K,   0% used [0x05250000, 0x05250000, 0x052d0000)
  to   space 512K,   0% used [0x052d0000, 0x052d0000, 0x05350000)
 tenured generation   total 10944K, used 0K [0x0a350000, 0x0ae00000, 0x14e00000)
   the space 10944K,   0% used [0x0a350000, 0x0a350000, 0x0a350200, 0x0ae00000)
 compacting perm gen  total 12288K, used 6845K [0x14e00000, 0x15a00000, 0x18e00000)
   the space 12288K,  55% used [0x14e00000, 0x154af790, 0x154af800, 0x15a00000)
No shared spaces configured.
Event: 2.122 GC heap after
Heap after GC invocations=1 (full 0):
 def new generation   total 4928K, used 512K [0x04e00000, 0x05350000, 0x0a350000)
  eden space 4416K,   0% used [0x04e00000, 0x04e00000, 0x05250000)
  from space 512K, 100% used [0x052d0000, 0x05350000, 0x05350000)
  to   space 512K,   0% used [0x05250000, 0x05250000, 0x052d0000)
 tenured generation   total 10944K, used 1048K [0x0a350000, 0x0ae00000, 0x14e00000)
   the space 10944K,   9% used [0x0a350000, 0x0a456318, 0x0a456400, 0x0ae00000)
 compacting perm gen  total 12288K, used 6845K [0x14e00000, 0x15a00000, 0x18e00000)
   the space 12288K,  55% used [0x14e00000, 0x154af790, 0x154af800, 0x15a00000)
No shared spaces configured.
}
Event: 33.954 GC heap before
{Heap before GC invocations=1 (full 0):
 def new generation   total 4928K, used 4928K [0x04e00000, 0x05350000, 0x0a350000)
  eden space 4416K, 100% used [0x04e00000, 0x05250000, 0x05250000)
  from space 512K, 100% used [0x052d0000, 0x05350000, 0x05350000)
  to   space 512K,   0% used [0x05250000, 0x05250000, 0x052d0000)
 tenured generation   total 10944K, used 1048K [0x0a350000, 0x0ae00000, 0x14e00000)
   the space 10944K,   9% used [0x0a350000, 0x0a456318, 0x0a456400, 0x0ae00000)
 compacting perm gen  total 12288K, used 8752K [0x14e00000, 0x15a00000, 0x18e00000)
   the space 12288K,  71% used [0x14e00000, 0x1568c128, 0x1568c200, 0x15a00000)
No shared spaces configured.
Event: 33.991 GC heap after
Heap after GC invocations=2 (full 0):
 def new generation   total 4928K, used 512K [0x04e00000, 0x05350000, 0x0a350000)
  eden space 4416K,   0% used [0x04e00000, 0x04e00000, 0x05250000)
  from space 512K, 100% used [0x05250000, 0x052d0000, 0x052d0000)
  to   space 512K,   0% used [0x052d0000, 0x052d0000, 0x05350000)
 tenured generation   total 10944K, used 1576K [0x0a350000, 0x0ae00000, 0x14e00000)
   the space 10944K,  14% used [0x0a350000, 0x0a4da028, 0x0a4da200, 0x0ae00000)
 compacting perm gen  total 12288K, used 8752K [0x14e00000, 0x15a00000, 0x18e00000)
   the space 12288K,  71% used [0x14e00000, 0x1568c128, 0x1568c200, 0x15a00000)
No shared spaces configured.
}
Event: 38.534 GC heap before
{Heap before GC invocations=2 (full 0):
 def new generation   total 4928K, used 4928K [0x04e00000, 0x05350000, 0x0a350000)
  eden space 4416K, 100% used [0x04e00000, 0x05250000, 0x05250000)
  from space 512K, 100% used [0x05250000, 0x052d0000, 0x052d0000)
  to   space 512K,   0% used [0x052d0000, 0x052d0000, 0x05350000)
 tenured generation   total 10944K, used 1576K [0x0a350000, 0x0ae00000, 0x14e00000)
   the space 10944K,  14% used [0x0a350000, 0x0a4da028, 0x0a4da200, 0x0ae00000)
 compacting perm gen  total 12288K, used 8756K [0x14e00000, 0x15a00000, 0x18e00000)
   the space 12288K,  71% used [0x14e00000, 0x1568d120, 0x1568d200, 0x15a00000)
No shared spaces configured.
Event: 38.555 GC heap after
Heap after GC invocations=3 (full 0):
 def new generation   total 4928K, used 20K [0x04e00000, 0x05350000, 0x0a350000)
  eden space 4416K,   0% used [0x04e00000, 0x04e00000, 0x05250000)
  from space 512K,   3% used [0x052d0000, 0x052d5030, 0x05350000)
  to   space 512K,   0% used [0x05250000, 0x05250000, 0x052d0000)
 tenured generation   total 10944K, used 1970K [0x0a350000, 0x0ae00000, 0x14e00000)
   the space 10944K,  18% used [0x0a350000, 0x0a53cbf0, 0x0a53cc00, 0x0ae00000)
 compacting perm gen  total 12288K, used 8756K [0x14e00000, 0x15a00000, 0x18e00000)
   the space 12288K,  71% used [0x14e00000, 0x1568d120, 0x1568d200, 0x15a00000)
No shared spaces configured.
}

Deoptimization events (0 events):
No events

Internal exceptions (10 events):
Event: 2.547 Thread 0x1902bc00 Threw 0x04f15888 at C:\re\jdk7u80\2329\hotspot\src\share\vm\prims\jvm.cpp:1319
Event: 2.547 Thread 0x1902bc00 Threw 0x04f1a680 at C:\re\jdk7u80\2329\hotspot\src\share\vm\prims\jvm.cpp:1319
Event: 2.548 Thread 0x1902bc00 Threw 0x04f1ca90 at C:\re\jdk7u80\2329\hotspot\src\share\vm\prims\jvm.cpp:1319
Event: 2.549 Thread 0x1902bc00 Threw 0x04f1f288 at C:\re\jdk7u80\2329\hotspot\src\share\vm\prims\jvm.cpp:1319
Event: 2.551 Thread 0x1902bc00 Threw 0x04f22070 at C:\re\jdk7u80\2329\hotspot\src\share\vm\prims\jvm.cpp:1319
Event: 2.551 Thread 0x1902bc00 Threw 0x04f24808 at C:\re\jdk7u80\2329\hotspot\src\share\vm\prims\jvm.cpp:1319
Event: 2.554 Thread 0x1902bc00 Threw 0x04f291f8 at C:\re\jdk7u80\2329\hotspot\src\share\vm\prims\jvm.cpp:1319
Event: 22.357 Thread 0x1902bc00 Threw 0x050b5428 at C:\re\jdk7u80\2329\hotspot\src\share\vm\prims\jvm.cpp:1319
Event: 34.552 Thread 0x1902bc00 Threw 0x04e8cfd8 at C:\re\jdk7u80\2329\hotspot\src\share\vm\prims\jvm.cpp:1319
Event: 34.557 Thread 0x1902bc00 Threw 0x04e90bd8 at C:\re\jdk7u80\2329\hotspot\src\share\vm\prims\jvm.cpp:1319

Events (10 events):
Event: 98.517 Executing VM operation: GetCurrentLocation
Event: 98.517 Executing VM operation: GetCurrentLocation done
Event: 98.517 Executing VM operation: ChangeSingleStep
Event: 98.517 Executing VM operation: ChangeSingleStep done
Event: 98.518 Executing VM operation: ChangeSingleStep
Event: 98.518 Executing VM operation: ChangeSingleStep done
Event: 98.555 Executing VM operation: GetOrSetLocal
Event: 98.556 Executing VM operation: GetOrSetLocal done
Event: 98.560 Executing VM operation: GetOrSetLocal
Event: 98.560 Executing VM operation: GetOrSetLocal done


Dynamic libraries:
0x00030000 - 0x0005f000 	C:\Program Files (x86)\Java\jdk1.7.0_80\bin\javaw.exe
0x771f0000 - 0x7735e000 	C:\WINDOWS\SYSTEM32\ntdll.dll
0x74aa0000 - 0x74be0000 	C:\WINDOWS\SYSTEM32\KERNEL32.DLL
0x76ee0000 - 0x76fb7000 	C:\WINDOWS\SYSTEM32\KERNELBASE.dll
0x73310000 - 0x733b0000 	C:\WINDOWS\system32\apphelp.dll
0x6cb70000 - 0x6cdd6000 	C:\WINDOWS\AppPatch\AcGenral.DLL
0x764a0000 - 0x76563000 	C:\WINDOWS\SYSTEM32\msvcrt.dll
0x76e50000 - 0x76e91000 	C:\WINDOWS\SYSTEM32\sechost.dll
0x749f0000 - 0x74a0e000 	C:\WINDOWS\SYSTEM32\SspiCli.dll
0x76390000 - 0x763d5000 	C:\WINDOWS\SYSTEM32\SHLWAPI.dll
0x73570000 - 0x7365d000 	C:\WINDOWS\SYSTEM32\UxTheme.dll
0x76fc0000 - 0x77113000 	C:\WINDOWS\SYSTEM32\USER32.dll
0x74dd0000 - 0x74ede000 	C:\WINDOWS\SYSTEM32\GDI32.dll
0x73260000 - 0x73283000 	C:\WINDOWS\SYSTEM32\WINMM.dll
0x71190000 - 0x711a3000 	C:\WINDOWS\SYSTEM32\samcli.dll
0x76b00000 - 0x76c28000 	C:\WINDOWS\SYSTEM32\ole32.dll
0x76c30000 - 0x76cc5000 	C:\WINDOWS\SYSTEM32\OLEAUT32.dll
0x6cb50000 - 0x6cb67000 	C:\WINDOWS\SYSTEM32\MSACM32.dll
0x748c0000 - 0x748c8000 	C:\WINDOWS\SYSTEM32\VERSION.dll
0x74f70000 - 0x7621c000 	C:\WINDOWS\SYSTEM32\SHELL32.dll
0x74850000 - 0x7486b000 	C:\WINDOWS\SYSTEM32\USERENV.dll
0x70d30000 - 0x70d4a000 	C:\WINDOWS\SYSTEM32\dwmapi.dll
0x74610000 - 0x7475a000 	C:\WINDOWS\SYSTEM32\urlmon.dll
0x76220000 - 0x7629c000 	C:\WINDOWS\SYSTEM32\ADVAPI32.dll
0x6e5a0000 - 0x6e605000 	C:\WINDOWS\SYSTEM32\WINSPOOL.DRV
0x6cb30000 - 0x6cb46000 	C:\WINDOWS\SYSTEM32\MPR.dll
0x763e0000 - 0x7649a000 	C:\WINDOWS\SYSTEM32\RPCRT4.dll
0x749e0000 - 0x749ea000 	C:\WINDOWS\SYSTEM32\CRYPTBASE.dll
0x76cd0000 - 0x76e4d000 	C:\WINDOWS\SYSTEM32\combase.dll
0x73230000 - 0x73253000 	C:\WINDOWS\SYSTEM32\WINMMBASE.dll
0x74840000 - 0x7484f000 	C:\WINDOWS\SYSTEM32\profapi.dll
0x743d0000 - 0x74602000 	C:\WINDOWS\SYSTEM32\iertutil.dll
0x741e0000 - 0x743c4000 	C:\WINDOWS\SYSTEM32\WININET.dll
0x74980000 - 0x749d4000 	C:\WINDOWS\SYSTEM32\bcryptPrimitives.dll
0x76920000 - 0x7695c000 	C:\WINDOWS\SYSTEM32\cfgmgr32.dll
0x73200000 - 0x73221000 	C:\WINDOWS\SYSTEM32\DEVOBJ.dll
0x74000000 - 0x7408b000 	C:\WINDOWS\SYSTEM32\SHCORE.DLL
0x762a0000 - 0x762c7000 	C:\WINDOWS\system32\IMM32.DLL
0x74c40000 - 0x74d52000 	C:\WINDOWS\SYSTEM32\MSCTF.dll
0x739f0000 - 0x73bf6000 	C:\WINDOWS\WinSxS\x86_microsoft.windows.common-controls_6595b64144ccf1df_6.0.9600.17810_none_a9edf09f013934e0\COMCTL32.dll
0x6ca70000 - 0x6cb2f000 	C:\Program Files (x86)\Java\jdk1.7.0_80\jre\bin\msvcr100.dll
0x6c6e0000 - 0x6ca6b000 	C:\Program Files (x86)\Java\jdk1.7.0_80\jre\bin\client\jvm.dll
0x73f80000 - 0x73f88000 	C:\WINDOWS\SYSTEM32\WSOCK32.dll
0x74c30000 - 0x74c36000 	C:\WINDOWS\SYSTEM32\PSAPI.DLL
0x74be0000 - 0x74c30000 	C:\WINDOWS\SYSTEM32\WS2_32.dll
0x76570000 - 0x76577000 	C:\WINDOWS\SYSTEM32\NSI.dll
0x6c6d0000 - 0x6c6dc000 	C:\Program Files (x86)\Java\jdk1.7.0_80\jre\bin\verify.dll
0x6c6a0000 - 0x6c6c1000 	C:\Program Files (x86)\Java\jdk1.7.0_80\jre\bin\java.dll
0x6a6c0000 - 0x6a6ea000 	C:\Program Files (x86)\Java\jdk1.7.0_80\jre\bin\jdwp.dll
0x73cf0000 - 0x73cf7000 	C:\Program Files (x86)\Java\jdk1.7.0_80\jre\bin\npt.dll
0x6c680000 - 0x6c693000 	C:\Program Files (x86)\Java\jdk1.7.0_80\jre\bin\zip.dll
0x73c40000 - 0x73c48000 	C:\Program Files (x86)\Java\jdk1.7.0_80\jre\bin\dt_socket.dll
0x741c0000 - 0x741d1000 	C:\WINDOWS\system32\napinsp.dll
0x741a0000 - 0x741b6000 	C:\WINDOWS\system32\pnrpnsp.dll
0x74180000 - 0x74194000 	C:\WINDOWS\system32\NLAapi.dll
0x74130000 - 0x7417b000 	C:\WINDOWS\System32\mswsock.dll
0x740b0000 - 0x7412e000 	C:\WINDOWS\SYSTEM32\DNSAPI.dll
0x740a0000 - 0x740aa000 	C:\WINDOWS\System32\winrnr.dll
0x74090000 - 0x740a0000 	C:\WINDOWS\system32\wshbth.dll
0x70bb0000 - 0x70bf6000 	C:\WINDOWS\System32\fwpuclnt.dll
0x70c00000 - 0x70c08000 	C:\Windows\System32\rasadhlp.dll
0x73690000 - 0x737d3000 	C:\Program Files (x86)\Java\jdk1.7.0_80\jre\bin\awt.dll
0x74760000 - 0x74769000 	C:\WINDOWS\SYSTEM32\kernel.appcore.dll
0x6d9f0000 - 0x6dbc3000 	C:\WINDOWS\system32\d3d9.dll
0x6d620000 - 0x6d730000 	C:\WINDOWS\SYSTEM32\aticfx32.dll
0x73e00000 - 0x73e1b000 	C:\WINDOWS\SYSTEM32\atiu9pag.dll
0x6aee0000 - 0x6b52f000 	C:\WINDOWS\SYSTEM32\atiumdag.dll
0x6a6f0000 - 0x6aede000 	C:\WINDOWS\SYSTEM32\atiumdva.dll
0x73dc0000 - 0x73df9000 	C:\Program Files (x86)\Java\jdk1.7.0_80\jre\bin\fontmanager.dll
0x6c660000 - 0x6c674000 	C:\Program Files (x86)\Java\jdk1.7.0_80\jre\bin\net.dll
0x6c650000 - 0x6c65f000 	C:\Program Files (x86)\Java\jdk1.7.0_80\jre\bin\nio.dll
0x73d90000 - 0x73dc0000 	C:\Program Files (x86)\Java\jdk1.7.0_80\jre\bin\t2k.dll
0x73fe0000 - 0x73ff9000 	C:\WINDOWS\SYSTEM32\CRYPTSP.dll
0x73fb0000 - 0x73fe0000 	C:\WINDOWS\system32\rsaenh.dll
0x73f90000 - 0x73fae000 	C:\WINDOWS\SYSTEM32\bcrypt.dll
0x73f60000 - 0x73f80000 	C:\WINDOWS\SYSTEM32\IPHLPAPI.DLL
0x73f50000 - 0x73f58000 	C:\WINDOWS\SYSTEM32\WINNSI.DLL
0x73f30000 - 0x73f43000 	C:\WINDOWS\SYSTEM32\dhcpcsvc6.DLL
0x73f10000 - 0x73f24000 	C:\WINDOWS\SYSTEM32\dhcpcsvc.DLL
0x1d120000 - 0x1d192000 	C:\Users\jwinata\AppData\Local\Temp\jna-jwinata\jna4025659809086379994.dll
0x1d1a0000 - 0x1d1bc000 	C:\Users\jwinata\Desktop\Java_Tool_Source\lib\ftci2c.dll
0x1d1d0000 - 0x1d215000 	C:\Users\jwinata\Desktop\Java_Tool_Source\lib\FTD2XX.dll
0x76580000 - 0x76731000 	C:\WINDOWS\SYSTEM32\SETUPAPI.dll
0x76ea0000 - 0x76edd000 	C:\WINDOWS\SYSTEM32\WINTRUST.dll
0x76960000 - 0x76ae8000 	C:\WINDOWS\SYSTEM32\CRYPT32.dll
0x76af0000 - 0x76afe000 	C:\WINDOWS\SYSTEM32\MSASN1.dll
0x73d00000 - 0x73d89000 	C:\WINDOWS\WinSxS\x86_microsoft.windows.common-controls_6595b64144ccf1df_5.82.9600.17810_none_7c5b6194aa0716f1\comctl32.dll
0x74ee0000 - 0x74f6d000 	C:\WINDOWS\SYSTEM32\clbcatq.dll
0x711e0000 - 0x7131a000 	C:\WINDOWS\system32\propsys.dll
0x6b600000 - 0x6b79a000 	C:\WINDOWS\system32\NetworkExplorer.dll
0x73c30000 - 0x73c39000 	C:\WINDOWS\System32\drprov.dll
0x732c0000 - 0x73305000 	C:\WINDOWS\System32\WINSTA.dll
0x73c10000 - 0x73c22000 	C:\WINDOWS\System32\ntlanman.dll
0x6c130000 - 0x6c14a000 	C:\WINDOWS\System32\davclnt.dll
0x73c00000 - 0x73c0a000 	C:\WINDOWS\System32\DAVHLPR.dll
0x747d0000 - 0x747e1000 	C:\WINDOWS\System32\wkscli.dll
0x73530000 - 0x7353f000 	C:\WINDOWS\SYSTEM32\cscapi.dll
0x74810000 - 0x7481a000 	C:\WINDOWS\System32\netutils.dll
0x6bcc0000 - 0x6bd2e000 	C:\Windows\SYSTEM32\dlnashext.dll
0x73c50000 - 0x73c89000 	C:\Windows\System32\PlayToDevice.dll
0x6c110000 - 0x6c12a000 	C:\Windows\System32\DevDispItemProvider.dll
0x6bee0000 - 0x6c0c6000 	C:\WINDOWS\system32\wpdshext.dll
0x6c4e0000 - 0x6c650000 	C:\WINDOWS\WinSxS\x86_microsoft.windows.gdiplus_6595b64144ccf1df_1.1.9600.17415_none_dad8722c5bcc2d8f\gdiplus.dll
0x73850000 - 0x738e0000 	C:\Windows\SYSTEM32\PortableDeviceApi.dll
0x73820000 - 0x7384d000 	C:\Windows\SYSTEM32\PortableDeviceTypes.dll
0x73420000 - 0x73460000 	C:\WINDOWS\system32\audiodev.dll
0x67b50000 - 0x67de1000 	C:\WINDOWS\system32\WMVCore.DLL
0x6baf0000 - 0x6bb2d000 	C:\WINDOWS\system32\WMASF.DLL
0x6d9a0000 - 0x6d9ab000 	C:\WINDOWS\SYSTEM32\LINKINFO.dll
0x69a70000 - 0x6a6b2000 	C:\Windows\SYSTEM32\ieframe.dll
0x6c370000 - 0x6c4db000 	C:\WINDOWS\SYSTEM32\WindowsCodecs.dll
0x668a0000 - 0x669e1000 	C:\WINDOWS\SYSTEM32\dbghelp.dll

VM Arguments:
jvm_args: -agentlib:jdwp=transport=dt_socket,suspend=y,address=localhost:59239 -Dfile.encoding=Cp1252 
java_command: com.idt.devctrl.DeviceControlApp
Launcher Type: SUN_STANDARD

Environment Variables:
PATH=C:\Program Files (x86)\Java\jdk1.7.0_80\jre\bin;C:\ProgramData\Oracle\Java\javapath;C:\WINDOWS\system32;C:\WINDOWS;C:\WINDOWS\System32\Wbem;C:\WINDOWS\System32\WindowsPowerShell\v1.0\;C:\Program Files (x86)\ATI Technologies\ATI.ACE\Core-Static;C:\WINDOWS\system32;C:\WINDOWS;C:\WINDOWS\System32\Wbem;C:\WINDOWS\System32\WindowsPowerShell\v1.0\;C:\Users\jwinata\AccuRev\bin
USERNAME=jwinata
OS=Windows_NT
PROCESSOR_IDENTIFIER=AMD64 Family 18 Model 1 Stepping 0, AuthenticAMD



---------------  S Y S T E M  ---------------

OS: Windows 8.1 , 64 bit Build 9600 

CPU:total 4 (4 cores per cpu, 1 threads per core) family 18 model 1 stepping 0, cmov, cx8, fxsr, mmx, sse, sse2, sse3, popcnt, mmxext, 3dnowpref, lzcnt, sse4a, tsc, tscinvbit, tscinv

Memory: 4k page, physical 3640488k(1480728k free), swap 5016744k(1898924k free)

vm_info: Java HotSpot(TM) Client VM (24.80-b11) for windows-x86 JRE (1.7.0_80-b15), built on Apr 10 2015 13:33:35 by "java_re" with unknown MS VC++:1600

time: Tue Jun 30 11:49:29 2015
elapsed time: 98 seconds

